<?xml version="1.0" encoding="UTF-8"?>
<!-- Generated by org.testng.reporters.JUnitReportReporter -->
<testsuite hostname="LAPTOP-6F9LGEKD" failures="0" tests="1" name="recruitCRM.LegalTermsPageTest" time="6.987" errors="0" timestamp="2021-12-10T18:34:08 IST" skipped="0">
  <testcase classname="recruitCRM.LegalTermsPageTest" name="languageDropdownTest" time="6.987"/>
  <system-out/>
</testsuite> <!-- recruitCRM.LegalTermsPageTest -->
