<?xml version="1.0" encoding="UTF-8"?>
<!-- Generated by org.testng.reporters.JUnitReportReporter -->
<testsuite hostname="LAPTOP-6F9LGEKD" failures="0" tests="1" name="recruitCRM.AppTest" time="0.001" errors="0" timestamp="2021-12-10T18:34:08 IST" skipped="0">
  <testcase classname="recruitCRM.AppTest" name="testApp" time="0.001"/>
  <system-out/>
</testsuite> <!-- recruitCRM.AppTest -->
