<?xml version="1.0" encoding="UTF-8"?>
<!-- Generated by org.testng.reporters.JUnitReportReporter -->
<testsuite hostname="LAPTOP-6F9LGEKD" failures="0" tests="1" name="recruitCRM.SpiceJetAutomation" time="10.700" errors="0" timestamp="2021-12-10T18:16:30 IST" skipped="0">
  <testcase classname="recruitCRM.SpiceJetAutomation" name="radioButton" time="10.700"/>
  <system-out/>
</testsuite> <!-- recruitCRM.SpiceJetAutomation -->
