<?xml version="1.0" encoding="UTF-8"?>
<!-- Generated by org.testng.reporters.JUnitReportReporter -->
<testsuite hostname="LAPTOP-6F9LGEKD" failures="0" tests="3" name="recruitCRM.LoginPageTest" time="15.502" errors="0" timestamp="2021-12-08T21:01:57 IST" skipped="0">
  <testcase classname="recruitCRM.LoginPageTest" name="sampleTest" time="6.365"/>
  <system-out/>
  <testcase classname="recruitCRM.LoginPageTest" name="sampleTest" time="4.050"/>
  <system-out/>
  <testcase classname="recruitCRM.LoginPageTest" name="sampleTest" time="5.087"/>
  <system-out/>
</testsuite> <!-- recruitCRM.LoginPageTest -->
