<?xml version="1.0" encoding="UTF-8"?>
<!-- Generated by org.testng.reporters.JUnitReportReporter -->
<testsuite hostname="LAPTOP-6F9LGEKD" failures="0" tests="1" name="recruitCRM.LoginPage" time="3.896" errors="0" timestamp="2021-12-06T17:14:11 IST" skipped="0">
  <testcase classname="recruitCRM.LoginPage" name="sampleTest" time="3.896"/>
  <system-out/>
</testsuite> <!-- recruitCRM.LoginPage -->
